modules/usb-thermal-printer/android/build/intermediates/manifest_merge_blame_file/release/processReleaseManifest/manifest-merger-blame-release-report.txt
1<?xml version="1.0" encoding="utf-8"?>
2<manifest xmlns:android="http://schemas.android.com/apk/res/android"
3    package="expo.modules.usbthermalprinter" >
4
5    <uses-sdk android:minSdkVersion="24" />
6
7    <uses-feature
7-->src/main/AndroidManifest.xml:2:3-4:32
8        android:name="android.hardware.usb.host"
8-->src/main/AndroidManifest.xml:3:5-45
9        android:required="false" />
9-->src/main/AndroidManifest.xml:4:5-29
10
11</manifest>